<?xml version="1.0" encoding="UTF-8"?>
<testsuite xmlns:xsi="http://www.w3.org/2001/XMLSchema-instance" xsi:noNamespaceSchemaLocation="https://maven.apache.org/surefire/maven-surefire-plugin/xsd/surefire-test-report-3.0.xsd" version="3.0" name="org.mybatis.jpetstore.web.actions.AccountActionBeanTest" time="0.024" tests="6" errors="0" skipped="0" failures="0">
  <properties>
    <property name="git.tags" value=""/>
    <property name="java.specification.version" value="19"/>
    <property name="git.build.version" value="6.1.1-SNAPSHOT"/>
    <property name="sun.jnu.encoding" value="UTF-8"/>
    <property name="java.class.path" value="/home/roy/Codes/Monographic/jpetstore-6/main/target/test-classes:/home/roy/Codes/Monographic/jpetstore-6/main/target/classes:/home/roy/.m2/repository/org/mybatis/mybatis/3.5.11/mybatis-3.5.11.jar:/home/roy/.m2/repository/org/mybatis/mybatis-spring/2.1.0/mybatis-spring-2.1.0.jar:/home/roy/.m2/repository/org/springframework/spring-context/5.3.25/spring-context-5.3.25.jar:/home/roy/.m2/repository/org/springframework/spring-aop/5.3.25/spring-aop-5.3.25.jar:/home/roy/.m2/repository/org/springframework/spring-beans/5.3.25/spring-beans-5.3.25.jar:/home/roy/.m2/repository/org/springframework/spring-core/5.3.25/spring-core-5.3.25.jar:/home/roy/.m2/repository/org/springframework/spring-jcl/5.3.25/spring-jcl-5.3.25.jar:/home/roy/.m2/repository/org/springframework/spring-expression/5.3.25/spring-expression-5.3.25.jar:/home/roy/.m2/repository/org/springframework/spring-jdbc/5.3.25/spring-jdbc-5.3.25.jar:/home/roy/.m2/repository/org/springframework/spring-tx/5.3.25/spring-tx-5.3.25.jar:/home/roy/.m2/repository/org/springframework/spring-web/5.3.25/spring-web-5.3.25.jar:/home/roy/.m2/repository/net/sourceforge/stripes/stripes/1.6.0/stripes-1.6.0.jar:/home/roy/.m2/repository/org/apache/taglibs/taglibs-standard-spec/1.2.5/taglibs-standard-spec-1.2.5.jar:/home/roy/.m2/repository/org/apache/taglibs/taglibs-standard-impl/1.2.5/taglibs-standard-impl-1.2.5.jar:/home/roy/.m2/repository/jakarta/servlet/jsp/jakarta.servlet.jsp-api/2.3.6/jakarta.servlet.jsp-api-2.3.6.jar:/home/roy/.m2/repository/jakarta/servlet/jakarta.servlet-api/4.0.4/jakarta.servlet-api-4.0.4.jar:/home/roy/.m2/repository/org/slf4j/slf4j-api/2.0.6/slf4j-api-2.0.6.jar:/home/roy/.m2/repository/org/slf4j/slf4j-simple/2.0.6/slf4j-simple-2.0.6.jar:/home/roy/.m2/repository/org/hsqldb/hsqldb/2.7.1/hsqldb-2.7.1-jdk8.jar:/home/roy/.m2/repository/org/junit/jupiter/junit-jupiter-engine/5.9.2/junit-jupiter-engine-5.9.2.jar:/home/roy/.m2/repository/org/junit/platform/junit-platform-engine/1.9.2/junit-platform-engine-1.9.2.jar:/home/roy/.m2/repository/org/opentest4j/opentest4j/1.2.0/opentest4j-1.2.0.jar:/home/roy/.m2/repository/org/junit/platform/junit-platform-commons/1.9.2/junit-platform-commons-1.9.2.jar:/home/roy/.m2/repository/org/junit/jupiter/junit-jupiter-api/5.9.2/junit-jupiter-api-5.9.2.jar:/home/roy/.m2/repository/org/apiguardian/apiguardian-api/1.1.2/apiguardian-api-1.1.2.jar:/home/roy/.m2/repository/org/mockito/mockito-core/5.0.0/mockito-core-5.0.0.jar:/home/roy/.m2/repository/net/bytebuddy/byte-buddy/1.12.22/byte-buddy-1.12.22.jar:/home/roy/.m2/repository/net/bytebuddy/byte-buddy-agent/1.12.22/byte-buddy-agent-1.12.22.jar:/home/roy/.m2/repository/org/objenesis/objenesis/3.3/objenesis-3.3.jar:/home/roy/.m2/repository/org/mockito/mockito-junit-jupiter/5.0.0/mockito-junit-jupiter-5.0.0.jar:/home/roy/.m2/repository/org/assertj/assertj-core/3.24.2/assertj-core-3.24.2.jar:/home/roy/.m2/repository/com/codeborne/selenide/6.11.0/selenide-6.11.0.jar:/home/roy/.m2/repository/org/seleniumhq/selenium/selenium-java/4.7.2/selenium-java-4.7.2.jar:/home/roy/.m2/repository/org/seleniumhq/selenium/selenium-chrome-driver/4.7.2/selenium-chrome-driver-4.7.2.jar:/home/roy/.m2/repository/org/seleniumhq/selenium/selenium-chromium-driver/4.7.2/selenium-chromium-driver-4.7.2.jar:/home/roy/.m2/repository/org/seleniumhq/selenium/selenium-devtools-v106/4.7.2/selenium-devtools-v106-4.7.2.jar:/home/roy/.m2/repository/org/seleniumhq/selenium/selenium-devtools-v107/4.7.2/selenium-devtools-v107-4.7.2.jar:/home/roy/.m2/repository/org/seleniumhq/selenium/selenium-devtools-v108/4.7.2/selenium-devtools-v108-4.7.2.jar:/home/roy/.m2/repository/org/seleniumhq/selenium/selenium-devtools-v85/4.7.2/selenium-devtools-v85-4.7.2.jar:/home/roy/.m2/repository/org/seleniumhq/selenium/selenium-edge-driver/4.7.2/selenium-edge-driver-4.7.2.jar:/home/roy/.m2/repository/org/seleniumhq/selenium/selenium-firefox-driver/4.7.2/selenium-firefox-driver-4.7.2.jar:/home/roy/.m2/repository/org/seleniumhq/selenium/selenium-http/4.7.2/selenium-http-4.7.2.jar:/home/roy/.m2/repository/dev/failsafe/failsafe/3.3.0/failsafe-3.3.0.jar:/home/roy/.m2/repository/org/seleniumhq/selenium/selenium-ie-driver/4.7.2/selenium-ie-driver-4.7.2.jar:/home/roy/.m2/repository/org/seleniumhq/selenium/selenium-remote-driver/4.7.2/selenium-remote-driver-4.7.2.jar:/home/roy/.m2/repository/com/beust/jcommander/1.82/jcommander-1.82.jar:/home/roy/.m2/repository/io/netty/netty-buffer/4.1.84.Final/netty-buffer-4.1.84.Final.jar:/home/roy/.m2/repository/io/netty/netty-codec-http/4.1.84.Final/netty-codec-http-4.1.84.Final.jar:/home/roy/.m2/repository/io/netty/netty-codec/4.1.84.Final/netty-codec-4.1.84.Final.jar:/home/roy/.m2/repository/io/netty/netty-handler/4.1.84.Final/netty-handler-4.1.84.Final.jar:/home/roy/.m2/repository/io/netty/netty-common/4.1.84.Final/netty-common-4.1.84.Final.jar:/home/roy/.m2/repository/io/netty/netty-transport-classes-epoll/4.1.84.Final/netty-transport-classes-epoll-4.1.84.Final.jar:/home/roy/.m2/repository/io/netty/netty-transport-classes-kqueue/4.1.84.Final/netty-transport-classes-kqueue-4.1.84.Final.jar:/home/roy/.m2/repository/io/netty/netty-transport-native-epoll/4.1.84.Final/netty-transport-native-epoll-4.1.84.Final.jar:/home/roy/.m2/repository/io/netty/netty-transport-native-kqueue/4.1.84.Final/netty-transport-native-kqueue-4.1.84.Final.jar:/home/roy/.m2/repository/io/netty/netty-transport-native-unix-common/4.1.84.Final/netty-transport-native-unix-common-4.1.84.Final.jar:/home/roy/.m2/repository/io/netty/netty-transport/4.1.84.Final/netty-transport-4.1.84.Final.jar:/home/roy/.m2/repository/io/netty/netty-resolver/4.1.84.Final/netty-resolver-4.1.84.Final.jar:/home/roy/.m2/repository/io/opentelemetry/opentelemetry-exporter-logging/1.19.0/opentelemetry-exporter-logging-1.19.0.jar:/home/roy/.m2/repository/io/opentelemetry/opentelemetry-sdk-metrics/1.19.0/opentelemetry-sdk-metrics-1.19.0.jar:/home/roy/.m2/repository/io/opentelemetry/opentelemetry-sdk-logs/1.19.0-alpha/opentelemetry-sdk-logs-1.19.0-alpha.jar:/home/roy/.m2/repository/io/opentelemetry/opentelemetry-api-logs/1.19.0-alpha/opentelemetry-api-logs-1.19.0-alpha.jar:/home/roy/.m2/repository/io/opentelemetry/opentelemetry-sdk-common/1.19.0/opentelemetry-sdk-common-1.19.0.jar:/home/roy/.m2/repository/io/opentelemetry/opentelemetry-sdk-extension-autoconfigure-spi/1.19.0/opentelemetry-sdk-extension-autoconfigure-spi-1.19.0.jar:/home/roy/.m2/repository/io/opentelemetry/opentelemetry-sdk-extension-autoconfigure/1.19.0-alpha/opentelemetry-sdk-extension-autoconfigure-1.19.0-alpha.jar:/home/roy/.m2/repository/io/opentelemetry/opentelemetry-exporter-common/1.19.0/opentelemetry-exporter-common-1.19.0.jar:/home/roy/.m2/repository/io/opentelemetry/opentelemetry-sdk-trace/1.19.0/opentelemetry-sdk-trace-1.19.0.jar:/home/roy/.m2/repository/io/opentelemetry/opentelemetry-sdk/1.19.0/opentelemetry-sdk-1.19.0.jar:/home/roy/.m2/repository/io/opentelemetry/opentelemetry-semconv/1.19.0-alpha/opentelemetry-semconv-1.19.0-alpha.jar:/home/roy/.m2/repository/io/ous/jtoml/2.0.0/jtoml-2.0.0.jar:/home/roy/.m2/repository/org/apache/commons/commons-exec/1.3/commons-exec-1.3.jar:/home/roy/.m2/repository/org/asynchttpclient/async-http-client/2.12.3/async-http-client-2.12.3.jar:/home/roy/.m2/repository/org/asynchttpclient/async-http-client-netty-utils/2.12.3/async-http-client-netty-utils-2.12.3.jar:/home/roy/.m2/repository/io/netty/netty-codec-socks/4.1.60.Final/netty-codec-socks-4.1.60.Final.jar:/home/roy/.m2/repository/io/netty/netty-handler-proxy/4.1.60.Final/netty-handler-proxy-4.1.60.Final.jar:/home/roy/.m2/repository/io/netty/netty-transport-native-epoll/4.1.60.Final/netty-transport-native-epoll-4.1.60.Final-linux-x86_64.jar:/home/roy/.m2/repository/io/netty/netty-transport-native-kqueue/4.1.60.Final/netty-transport-native-kqueue-4.1.60.Final-osx-x86_64.jar:/home/roy/.m2/repository/org/reactivestreams/reactive-streams/1.0.3/reactive-streams-1.0.3.jar:/home/roy/.m2/repository/com/typesafe/netty/netty-reactive-streams/2.0.4/netty-reactive-streams-2.0.4.jar:/home/roy/.m2/repository/com/sun/activation/jakarta.activation/1.2.2/jakarta.activation-1.2.2.jar:/home/roy/.m2/repository/org/seleniumhq/selenium/selenium-manager/4.7.2/selenium-manager-4.7.2.jar:/home/roy/.m2/repository/org/seleniumhq/selenium/selenium-safari-driver/4.7.2/selenium-safari-driver-4.7.2.jar:/home/roy/.m2/repository/com/codeborne/selenide-core/6.11.0/selenide-core-6.11.0.jar:/home/roy/.m2/repository/io/github/bonigarcia/webdrivermanager/5.3.1/webdrivermanager-5.3.1.jar:/home/roy/.m2/repository/com/google/code/gson/gson/2.10/gson-2.10.jar:/home/roy/.m2/repository/org/apache/commons/commons-compress/1.22/commons-compress-1.22.jar:/home/roy/.m2/repository/org/apache/httpcomponents/client5/httpclient5/5.2.1/httpclient5-5.2.1.jar:/home/roy/.m2/repository/org/apache/httpcomponents/core5/httpcore5/5.2/httpcore5-5.2.jar:/home/roy/.m2/repository/org/apache/httpcomponents/core5/httpcore5-h2/5.2/httpcore5-h2-5.2.jar:/home/roy/.m2/repository/com/google/guava/guava/31.1-jre/guava-31.1-jre.jar:/home/roy/.m2/repository/com/google/guava/failureaccess/1.0.1/failureaccess-1.0.1.jar:/home/roy/.m2/repository/com/google/guava/listenablefuture/9999.0-empty-to-avoid-conflict-with-guava/listenablefuture-9999.0-empty-to-avoid-conflict-with-guava.jar:/home/roy/.m2/repository/com/google/code/findbugs/jsr305/3.0.2/jsr305-3.0.2.jar:/home/roy/.m2/repository/org/checkerframework/checker-qual/3.12.0/checker-qual-3.12.0.jar:/home/roy/.m2/repository/com/google/errorprone/error_prone_annotations/2.11.0/error_prone_annotations-2.11.0.jar:/home/roy/.m2/repository/com/google/j2objc/j2objc-annotations/1.3/j2objc-annotations-1.3.jar:/home/roy/.m2/repository/org/apache/commons/commons-lang3/3.12.0/commons-lang3-3.12.0.jar:/home/roy/.m2/repository/commons-io/commons-io/2.11.0/commons-io-2.11.0.jar:/home/roy/.m2/repository/org/seleniumhq/selenium/htmlunit-driver/4.7.2/htmlunit-driver-4.7.2.jar:/home/roy/.m2/repository/org/seleniumhq/selenium/selenium-api/4.7.2/selenium-api-4.7.2.jar:/home/roy/.m2/repository/org/seleniumhq/selenium/selenium-support/4.7.2/selenium-support-4.7.2.jar:/home/roy/.m2/repository/com/google/auto/service/auto-service-annotations/1.0.1/auto-service-annotations-1.0.1.jar:/home/roy/.m2/repository/com/google/auto/service/auto-service/1.0.1/auto-service-1.0.1.jar:/home/roy/.m2/repository/com/google/auto/auto-common/1.2/auto-common-1.2.jar:/home/roy/.m2/repository/org/seleniumhq/selenium/selenium-json/4.7.2/selenium-json-4.7.2.jar:/home/roy/.m2/repository/net/sourceforge/htmlunit/htmlunit/2.67.0/htmlunit-2.67.0.jar:/home/roy/.m2/repository/org/apache/httpcomponents/httpmime/4.5.13/httpmime-4.5.13.jar:/home/roy/.m2/repository/org/apache/httpcomponents/httpclient/4.5.13/httpclient-4.5.13.jar:/home/roy/.m2/repository/org/apache/httpcomponents/httpcore/4.4.13/httpcore-4.4.13.jar:/home/roy/.m2/repository/net/sourceforge/htmlunit/htmlunit-core-js/2.67.0/htmlunit-core-js-2.67.0.jar:/home/roy/.m2/repository/net/sourceforge/htmlunit/neko-htmlunit/2.67.0/neko-htmlunit-2.67.0.jar:/home/roy/.m2/repository/xerces/xercesImpl/2.12.2/xercesImpl-2.12.2.jar:/home/roy/.m2/repository/xml-apis/xml-apis/1.4.01/xml-apis-1.4.01.jar:/home/roy/.m2/repository/net/sourceforge/htmlunit/htmlunit-cssparser/1.12.0/htmlunit-cssparser-1.12.0.jar:/home/roy/.m2/repository/net/sourceforge/htmlunit/htmlunit-xpath/2.67.0/htmlunit-xpath-2.67.0.jar:/home/roy/.m2/repository/org/apache/commons/commons-text/1.10.0/commons-text-1.10.0.jar:/home/roy/.m2/repository/commons-net/commons-net/3.8.0/commons-net-3.8.0.jar:/home/roy/.m2/repository/commons-codec/commons-codec/1.15/commons-codec-1.15.jar:/home/roy/.m2/repository/org/brotli/dec/0.1.2/dec-0.1.2.jar:/home/roy/.m2/repository/com/shapesecurity/salvation2/3.0.1/salvation2-3.0.1.jar:/home/roy/.m2/repository/org/eclipse/jetty/websocket/websocket-client/9.4.49.v20220914/websocket-client-9.4.49.v20220914.jar:/home/roy/.m2/repository/org/eclipse/jetty/jetty-client/9.4.49.v20220914/jetty-client-9.4.49.v20220914.jar:/home/roy/.m2/repository/org/eclipse/jetty/jetty-http/9.4.49.v20220914/jetty-http-9.4.49.v20220914.jar:/home/roy/.m2/repository/org/eclipse/jetty/jetty-util/9.4.49.v20220914/jetty-util-9.4.49.v20220914.jar:/home/roy/.m2/repository/org/eclipse/jetty/jetty-io/9.4.49.v20220914/jetty-io-9.4.49.v20220914.jar:/home/roy/.m2/repository/org/eclipse/jetty/websocket/websocket-common/9.4.49.v20220914/websocket-common-9.4.49.v20220914.jar:/home/roy/.m2/repository/org/eclipse/jetty/websocket/websocket-api/9.4.49.v20220914/websocket-api-9.4.49.v20220914.jar:/home/roy/.m2/repository/org/springframework/spring-test/5.3.25/spring-test-5.3.25.jar:/home/roy/.m2/repository/com/mysql/mysql-connector-j/8.0.32/mysql-connector-j-8.0.32.jar:/home/roy/.m2/repository/com/google/protobuf/protobuf-java/3.21.9/protobuf-java-3.21.9.jar:/home/roy/.m2/repository/org/springframework/data/spring-data-jpa/1.7.0.RELEASE/spring-data-jpa-1.7.0.RELEASE.jar:/home/roy/.m2/repository/org/springframework/data/spring-data-commons/1.9.0.RELEASE/spring-data-commons-1.9.0.RELEASE.jar:/home/roy/.m2/repository/org/springframework/spring-orm/4.0.7.RELEASE/spring-orm-4.0.7.RELEASE.jar:/home/roy/.m2/repository/org/aspectj/aspectjrt/1.8.2/aspectjrt-1.8.2.jar:/home/roy/.m2/repository/org/slf4j/jcl-over-slf4j/1.7.7/jcl-over-slf4j-1.7.7.jar:/home/roy/.m2/repository/io/opentelemetry/instrumentation/opentelemetry-instrumentation-annotations/1.26.0/opentelemetry-instrumentation-annotations-1.26.0.jar:/home/roy/.m2/repository/io/opentelemetry/opentelemetry-api/1.26.0/opentelemetry-api-1.26.0.jar:/home/roy/.m2/repository/io/opentelemetry/opentelemetry-context/1.26.0/opentelemetry-context-1.26.0.jar:"/>
    <property name="git.branch" value="automatic"/>
    <property name="git.build.host" value="ubuntu"/>
    <property name="java.vm.vendor" value="Private Build"/>
    <property name="sun.arch.data.model" value="64"/>
    <property name="git.commit.id" value="35f28fdeb791c044657ca63f97bf45d0cf48cdd6"/>
    <property name="java.vendor.url" value="Unknown"/>
    <property name="user.timezone" value="Asia/Taipei"/>
    <property name="java.vm.specification.version" value="19"/>
    <property name="os.name" value="Linux"/>
    <property name="git.commit.author.time" value="2023-05-25T17:10:13+0800"/>
    <property name="sun.java.launcher" value="SUN_STANDARD"/>
    <property name="user.country" value="US"/>
    <property name="git.build.user.name" value="roychshao"/>
    <property name="sun.boot.library.path" value="/usr/lib/jvm/java-19-openjdk-amd64/lib"/>
    <property name="sun.java.command" value="/home/roy/Codes/Monographic/jpetstore-6/main/target/surefire/surefirebooter-20230604232120407_3.jar /home/roy/Codes/Monographic/jpetstore-6/main/target/surefire 2023-06-04T23-21-19_773-jvmRun1 surefire-20230604232120407_1tmp surefire_0-20230604232120407_2tmp"/>
    <property name="jdk.debug" value="release"/>
    <property name="surefire.test.class.path" value="/home/roy/Codes/Monographic/jpetstore-6/main/target/test-classes:/home/roy/Codes/Monographic/jpetstore-6/main/target/classes:/home/roy/.m2/repository/org/mybatis/mybatis/3.5.11/mybatis-3.5.11.jar:/home/roy/.m2/repository/org/mybatis/mybatis-spring/2.1.0/mybatis-spring-2.1.0.jar:/home/roy/.m2/repository/org/springframework/spring-context/5.3.25/spring-context-5.3.25.jar:/home/roy/.m2/repository/org/springframework/spring-aop/5.3.25/spring-aop-5.3.25.jar:/home/roy/.m2/repository/org/springframework/spring-beans/5.3.25/spring-beans-5.3.25.jar:/home/roy/.m2/repository/org/springframework/spring-core/5.3.25/spring-core-5.3.25.jar:/home/roy/.m2/repository/org/springframework/spring-jcl/5.3.25/spring-jcl-5.3.25.jar:/home/roy/.m2/repository/org/springframework/spring-expression/5.3.25/spring-expression-5.3.25.jar:/home/roy/.m2/repository/org/springframework/spring-jdbc/5.3.25/spring-jdbc-5.3.25.jar:/home/roy/.m2/repository/org/springframework/spring-tx/5.3.25/spring-tx-5.3.25.jar:/home/roy/.m2/repository/org/springframework/spring-web/5.3.25/spring-web-5.3.25.jar:/home/roy/.m2/repository/net/sourceforge/stripes/stripes/1.6.0/stripes-1.6.0.jar:/home/roy/.m2/repository/org/apache/taglibs/taglibs-standard-spec/1.2.5/taglibs-standard-spec-1.2.5.jar:/home/roy/.m2/repository/org/apache/taglibs/taglibs-standard-impl/1.2.5/taglibs-standard-impl-1.2.5.jar:/home/roy/.m2/repository/jakarta/servlet/jsp/jakarta.servlet.jsp-api/2.3.6/jakarta.servlet.jsp-api-2.3.6.jar:/home/roy/.m2/repository/jakarta/servlet/jakarta.servlet-api/4.0.4/jakarta.servlet-api-4.0.4.jar:/home/roy/.m2/repository/org/slf4j/slf4j-api/2.0.6/slf4j-api-2.0.6.jar:/home/roy/.m2/repository/org/slf4j/slf4j-simple/2.0.6/slf4j-simple-2.0.6.jar:/home/roy/.m2/repository/org/hsqldb/hsqldb/2.7.1/hsqldb-2.7.1-jdk8.jar:/home/roy/.m2/repository/org/junit/jupiter/junit-jupiter-engine/5.9.2/junit-jupiter-engine-5.9.2.jar:/home/roy/.m2/repository/org/junit/platform/junit-platform-engine/1.9.2/junit-platform-engine-1.9.2.jar:/home/roy/.m2/repository/org/opentest4j/opentest4j/1.2.0/opentest4j-1.2.0.jar:/home/roy/.m2/repository/org/junit/platform/junit-platform-commons/1.9.2/junit-platform-commons-1.9.2.jar:/home/roy/.m2/repository/org/junit/jupiter/junit-jupiter-api/5.9.2/junit-jupiter-api-5.9.2.jar:/home/roy/.m2/repository/org/apiguardian/apiguardian-api/1.1.2/apiguardian-api-1.1.2.jar:/home/roy/.m2/repository/org/mockito/mockito-core/5.0.0/mockito-core-5.0.0.jar:/home/roy/.m2/repository/net/bytebuddy/byte-buddy/1.12.22/byte-buddy-1.12.22.jar:/home/roy/.m2/repository/net/bytebuddy/byte-buddy-agent/1.12.22/byte-buddy-agent-1.12.22.jar:/home/roy/.m2/repository/org/objenesis/objenesis/3.3/objenesis-3.3.jar:/home/roy/.m2/repository/org/mockito/mockito-junit-jupiter/5.0.0/mockito-junit-jupiter-5.0.0.jar:/home/roy/.m2/repository/org/assertj/assertj-core/3.24.2/assertj-core-3.24.2.jar:/home/roy/.m2/repository/com/codeborne/selenide/6.11.0/selenide-6.11.0.jar:/home/roy/.m2/repository/org/seleniumhq/selenium/selenium-java/4.7.2/selenium-java-4.7.2.jar:/home/roy/.m2/repository/org/seleniumhq/selenium/selenium-chrome-driver/4.7.2/selenium-chrome-driver-4.7.2.jar:/home/roy/.m2/repository/org/seleniumhq/selenium/selenium-chromium-driver/4.7.2/selenium-chromium-driver-4.7.2.jar:/home/roy/.m2/repository/org/seleniumhq/selenium/selenium-devtools-v106/4.7.2/selenium-devtools-v106-4.7.2.jar:/home/roy/.m2/repository/org/seleniumhq/selenium/selenium-devtools-v107/4.7.2/selenium-devtools-v107-4.7.2.jar:/home/roy/.m2/repository/org/seleniumhq/selenium/selenium-devtools-v108/4.7.2/selenium-devtools-v108-4.7.2.jar:/home/roy/.m2/repository/org/seleniumhq/selenium/selenium-devtools-v85/4.7.2/selenium-devtools-v85-4.7.2.jar:/home/roy/.m2/repository/org/seleniumhq/selenium/selenium-edge-driver/4.7.2/selenium-edge-driver-4.7.2.jar:/home/roy/.m2/repository/org/seleniumhq/selenium/selenium-firefox-driver/4.7.2/selenium-firefox-driver-4.7.2.jar:/home/roy/.m2/repository/org/seleniumhq/selenium/selenium-http/4.7.2/selenium-http-4.7.2.jar:/home/roy/.m2/repository/dev/failsafe/failsafe/3.3.0/failsafe-3.3.0.jar:/home/roy/.m2/repository/org/seleniumhq/selenium/selenium-ie-driver/4.7.2/selenium-ie-driver-4.7.2.jar:/home/roy/.m2/repository/org/seleniumhq/selenium/selenium-remote-driver/4.7.2/selenium-remote-driver-4.7.2.jar:/home/roy/.m2/repository/com/beust/jcommander/1.82/jcommander-1.82.jar:/home/roy/.m2/repository/io/netty/netty-buffer/4.1.84.Final/netty-buffer-4.1.84.Final.jar:/home/roy/.m2/repository/io/netty/netty-codec-http/4.1.84.Final/netty-codec-http-4.1.84.Final.jar:/home/roy/.m2/repository/io/netty/netty-codec/4.1.84.Final/netty-codec-4.1.84.Final.jar:/home/roy/.m2/repository/io/netty/netty-handler/4.1.84.Final/netty-handler-4.1.84.Final.jar:/home/roy/.m2/repository/io/netty/netty-common/4.1.84.Final/netty-common-4.1.84.Final.jar:/home/roy/.m2/repository/io/netty/netty-transport-classes-epoll/4.1.84.Final/netty-transport-classes-epoll-4.1.84.Final.jar:/home/roy/.m2/repository/io/netty/netty-transport-classes-kqueue/4.1.84.Final/netty-transport-classes-kqueue-4.1.84.Final.jar:/home/roy/.m2/repository/io/netty/netty-transport-native-epoll/4.1.84.Final/netty-transport-native-epoll-4.1.84.Final.jar:/home/roy/.m2/repository/io/netty/netty-transport-native-kqueue/4.1.84.Final/netty-transport-native-kqueue-4.1.84.Final.jar:/home/roy/.m2/repository/io/netty/netty-transport-native-unix-common/4.1.84.Final/netty-transport-native-unix-common-4.1.84.Final.jar:/home/roy/.m2/repository/io/netty/netty-transport/4.1.84.Final/netty-transport-4.1.84.Final.jar:/home/roy/.m2/repository/io/netty/netty-resolver/4.1.84.Final/netty-resolver-4.1.84.Final.jar:/home/roy/.m2/repository/io/opentelemetry/opentelemetry-exporter-logging/1.19.0/opentelemetry-exporter-logging-1.19.0.jar:/home/roy/.m2/repository/io/opentelemetry/opentelemetry-sdk-metrics/1.19.0/opentelemetry-sdk-metrics-1.19.0.jar:/home/roy/.m2/repository/io/opentelemetry/opentelemetry-sdk-logs/1.19.0-alpha/opentelemetry-sdk-logs-1.19.0-alpha.jar:/home/roy/.m2/repository/io/opentelemetry/opentelemetry-api-logs/1.19.0-alpha/opentelemetry-api-logs-1.19.0-alpha.jar:/home/roy/.m2/repository/io/opentelemetry/opentelemetry-sdk-common/1.19.0/opentelemetry-sdk-common-1.19.0.jar:/home/roy/.m2/repository/io/opentelemetry/opentelemetry-sdk-extension-autoconfigure-spi/1.19.0/opentelemetry-sdk-extension-autoconfigure-spi-1.19.0.jar:/home/roy/.m2/repository/io/opentelemetry/opentelemetry-sdk-extension-autoconfigure/1.19.0-alpha/opentelemetry-sdk-extension-autoconfigure-1.19.0-alpha.jar:/home/roy/.m2/repository/io/opentelemetry/opentelemetry-exporter-common/1.19.0/opentelemetry-exporter-common-1.19.0.jar:/home/roy/.m2/repository/io/opentelemetry/opentelemetry-sdk-trace/1.19.0/opentelemetry-sdk-trace-1.19.0.jar:/home/roy/.m2/repository/io/opentelemetry/opentelemetry-sdk/1.19.0/opentelemetry-sdk-1.19.0.jar:/home/roy/.m2/repository/io/opentelemetry/opentelemetry-semconv/1.19.0-alpha/opentelemetry-semconv-1.19.0-alpha.jar:/home/roy/.m2/repository/io/ous/jtoml/2.0.0/jtoml-2.0.0.jar:/home/roy/.m2/repository/org/apache/commons/commons-exec/1.3/commons-exec-1.3.jar:/home/roy/.m2/repository/org/asynchttpclient/async-http-client/2.12.3/async-http-client-2.12.3.jar:/home/roy/.m2/repository/org/asynchttpclient/async-http-client-netty-utils/2.12.3/async-http-client-netty-utils-2.12.3.jar:/home/roy/.m2/repository/io/netty/netty-codec-socks/4.1.60.Final/netty-codec-socks-4.1.60.Final.jar:/home/roy/.m2/repository/io/netty/netty-handler-proxy/4.1.60.Final/netty-handler-proxy-4.1.60.Final.jar:/home/roy/.m2/repository/io/netty/netty-transport-native-epoll/4.1.60.Final/netty-transport-native-epoll-4.1.60.Final-linux-x86_64.jar:/home/roy/.m2/repository/io/netty/netty-transport-native-kqueue/4.1.60.Final/netty-transport-native-kqueue-4.1.60.Final-osx-x86_64.jar:/home/roy/.m2/repository/org/reactivestreams/reactive-streams/1.0.3/reactive-streams-1.0.3.jar:/home/roy/.m2/repository/com/typesafe/netty/netty-reactive-streams/2.0.4/netty-reactive-streams-2.0.4.jar:/home/roy/.m2/repository/com/sun/activation/jakarta.activation/1.2.2/jakarta.activation-1.2.2.jar:/home/roy/.m2/repository/org/seleniumhq/selenium/selenium-manager/4.7.2/selenium-manager-4.7.2.jar:/home/roy/.m2/repository/org/seleniumhq/selenium/selenium-safari-driver/4.7.2/selenium-safari-driver-4.7.2.jar:/home/roy/.m2/repository/com/codeborne/selenide-core/6.11.0/selenide-core-6.11.0.jar:/home/roy/.m2/repository/io/github/bonigarcia/webdrivermanager/5.3.1/webdrivermanager-5.3.1.jar:/home/roy/.m2/repository/com/google/code/gson/gson/2.10/gson-2.10.jar:/home/roy/.m2/repository/org/apache/commons/commons-compress/1.22/commons-compress-1.22.jar:/home/roy/.m2/repository/org/apache/httpcomponents/client5/httpclient5/5.2.1/httpclient5-5.2.1.jar:/home/roy/.m2/repository/org/apache/httpcomponents/core5/httpcore5/5.2/httpcore5-5.2.jar:/home/roy/.m2/repository/org/apache/httpcomponents/core5/httpcore5-h2/5.2/httpcore5-h2-5.2.jar:/home/roy/.m2/repository/com/google/guava/guava/31.1-jre/guava-31.1-jre.jar:/home/roy/.m2/repository/com/google/guava/failureaccess/1.0.1/failureaccess-1.0.1.jar:/home/roy/.m2/repository/com/google/guava/listenablefuture/9999.0-empty-to-avoid-conflict-with-guava/listenablefuture-9999.0-empty-to-avoid-conflict-with-guava.jar:/home/roy/.m2/repository/com/google/code/findbugs/jsr305/3.0.2/jsr305-3.0.2.jar:/home/roy/.m2/repository/org/checkerframework/checker-qual/3.12.0/checker-qual-3.12.0.jar:/home/roy/.m2/repository/com/google/errorprone/error_prone_annotations/2.11.0/error_prone_annotations-2.11.0.jar:/home/roy/.m2/repository/com/google/j2objc/j2objc-annotations/1.3/j2objc-annotations-1.3.jar:/home/roy/.m2/repository/org/apache/commons/commons-lang3/3.12.0/commons-lang3-3.12.0.jar:/home/roy/.m2/repository/commons-io/commons-io/2.11.0/commons-io-2.11.0.jar:/home/roy/.m2/repository/org/seleniumhq/selenium/htmlunit-driver/4.7.2/htmlunit-driver-4.7.2.jar:/home/roy/.m2/repository/org/seleniumhq/selenium/selenium-api/4.7.2/selenium-api-4.7.2.jar:/home/roy/.m2/repository/org/seleniumhq/selenium/selenium-support/4.7.2/selenium-support-4.7.2.jar:/home/roy/.m2/repository/com/google/auto/service/auto-service-annotations/1.0.1/auto-service-annotations-1.0.1.jar:/home/roy/.m2/repository/com/google/auto/service/auto-service/1.0.1/auto-service-1.0.1.jar:/home/roy/.m2/repository/com/google/auto/auto-common/1.2/auto-common-1.2.jar:/home/roy/.m2/repository/org/seleniumhq/selenium/selenium-json/4.7.2/selenium-json-4.7.2.jar:/home/roy/.m2/repository/net/sourceforge/htmlunit/htmlunit/2.67.0/htmlunit-2.67.0.jar:/home/roy/.m2/repository/org/apache/httpcomponents/httpmime/4.5.13/httpmime-4.5.13.jar:/home/roy/.m2/repository/org/apache/httpcomponents/httpclient/4.5.13/httpclient-4.5.13.jar:/home/roy/.m2/repository/org/apache/httpcomponents/httpcore/4.4.13/httpcore-4.4.13.jar:/home/roy/.m2/repository/net/sourceforge/htmlunit/htmlunit-core-js/2.67.0/htmlunit-core-js-2.67.0.jar:/home/roy/.m2/repository/net/sourceforge/htmlunit/neko-htmlunit/2.67.0/neko-htmlunit-2.67.0.jar:/home/roy/.m2/repository/xerces/xercesImpl/2.12.2/xercesImpl-2.12.2.jar:/home/roy/.m2/repository/xml-apis/xml-apis/1.4.01/xml-apis-1.4.01.jar:/home/roy/.m2/repository/net/sourceforge/htmlunit/htmlunit-cssparser/1.12.0/htmlunit-cssparser-1.12.0.jar:/home/roy/.m2/repository/net/sourceforge/htmlunit/htmlunit-xpath/2.67.0/htmlunit-xpath-2.67.0.jar:/home/roy/.m2/repository/org/apache/commons/commons-text/1.10.0/commons-text-1.10.0.jar:/home/roy/.m2/repository/commons-net/commons-net/3.8.0/commons-net-3.8.0.jar:/home/roy/.m2/repository/commons-codec/commons-codec/1.15/commons-codec-1.15.jar:/home/roy/.m2/repository/org/brotli/dec/0.1.2/dec-0.1.2.jar:/home/roy/.m2/repository/com/shapesecurity/salvation2/3.0.1/salvation2-3.0.1.jar:/home/roy/.m2/repository/org/eclipse/jetty/websocket/websocket-client/9.4.49.v20220914/websocket-client-9.4.49.v20220914.jar:/home/roy/.m2/repository/org/eclipse/jetty/jetty-client/9.4.49.v20220914/jetty-client-9.4.49.v20220914.jar:/home/roy/.m2/repository/org/eclipse/jetty/jetty-http/9.4.49.v20220914/jetty-http-9.4.49.v20220914.jar:/home/roy/.m2/repository/org/eclipse/jetty/jetty-util/9.4.49.v20220914/jetty-util-9.4.49.v20220914.jar:/home/roy/.m2/repository/org/eclipse/jetty/jetty-io/9.4.49.v20220914/jetty-io-9.4.49.v20220914.jar:/home/roy/.m2/repository/org/eclipse/jetty/websocket/websocket-common/9.4.49.v20220914/websocket-common-9.4.49.v20220914.jar:/home/roy/.m2/repository/org/eclipse/jetty/websocket/websocket-api/9.4.49.v20220914/websocket-api-9.4.49.v20220914.jar:/home/roy/.m2/repository/org/springframework/spring-test/5.3.25/spring-test-5.3.25.jar:/home/roy/.m2/repository/com/mysql/mysql-connector-j/8.0.32/mysql-connector-j-8.0.32.jar:/home/roy/.m2/repository/com/google/protobuf/protobuf-java/3.21.9/protobuf-java-3.21.9.jar:/home/roy/.m2/repository/org/springframework/data/spring-data-jpa/1.7.0.RELEASE/spring-data-jpa-1.7.0.RELEASE.jar:/home/roy/.m2/repository/org/springframework/data/spring-data-commons/1.9.0.RELEASE/spring-data-commons-1.9.0.RELEASE.jar:/home/roy/.m2/repository/org/springframework/spring-orm/4.0.7.RELEASE/spring-orm-4.0.7.RELEASE.jar:/home/roy/.m2/repository/org/aspectj/aspectjrt/1.8.2/aspectjrt-1.8.2.jar:/home/roy/.m2/repository/org/slf4j/jcl-over-slf4j/1.7.7/jcl-over-slf4j-1.7.7.jar:/home/roy/.m2/repository/io/opentelemetry/instrumentation/opentelemetry-instrumentation-annotations/1.26.0/opentelemetry-instrumentation-annotations-1.26.0.jar:/home/roy/.m2/repository/io/opentelemetry/opentelemetry-api/1.26.0/opentelemetry-api-1.26.0.jar:/home/roy/.m2/repository/io/opentelemetry/opentelemetry-context/1.26.0/opentelemetry-context-1.26.0.jar:"/>
    <property name="sun.cpu.endian" value="little"/>
    <property name="user.home" value="/home/roy"/>
    <property name="user.language" value="en"/>
    <property name="git.closest.tag.commit.count" value="40"/>
    <property name="java.specification.vendor" value="Oracle Corporation"/>
    <property name="java.version.date" value="2023-01-17"/>
    <property name="java.home" value="/usr/lib/jvm/java-19-openjdk-amd64"/>
    <property name="git.total.commit.count" value="1318"/>
    <property name="file.separator" value="/"/>
    <property name="basedir" value="/home/roy/Codes/Monographic/jpetstore-6/main"/>
    <property name="java.vm.compressedOopsMode" value="Zero based"/>
    <property name="line.separator" value="&#10;"/>
    <property name="git.commit.committer.time" value="2023-05-25T17:10:13+0800"/>
    <property name="git.build.user.email" value="roych.shao@gmail.com"/>
    <property name="java.vm.specification.vendor" value="Oracle Corporation"/>
    <property name="jdk.attach.allowAttachSelf" value=""/>
    <property name="java.specification.name" value="Java Platform API Specification"/>
    <property name="git.closest.tag.name" value="jpetstore-6.1.0"/>
    <property name="git.local.branch.ahead" value="NO_REMOTE"/>
    <property name="git.build.time" value="2022-12-13T04:30:34+0800"/>
    <property name="surefire.real.class.path" value="/home/roy/Codes/Monographic/jpetstore-6/main/target/surefire/surefirebooter-20230604232120407_3.jar"/>
    <property name="git.commit.message.full" value="feat: WithSpan and SetAttribute in method done"/>
    <property name="sun.management.compiler" value="HotSpot 64-Bit Tiered Compilers"/>
    <property name="java.runtime.version" value="19.0.2+7-Ubuntu-0ubuntu322.04"/>
    <property name="user.name" value="roy"/>
    <property name="stdout.encoding" value="UTF-8"/>
    <property name="path.separator" value=":"/>
    <property name="os.version" value="5.19.0-41-generic"/>
    <property name="java.runtime.name" value="OpenJDK Runtime Environment"/>
    <property name="file.encoding" value="UTF-8"/>
    <property name="aether.checksums.algorithms" value="SHA-512,SHA-256,SHA-1,MD5"/>
    <property name="git.commit.user.email" value="roych.shao@gmail.com"/>
    <property name="java.vm.name" value="OpenJDK 64-Bit Server VM"/>
    <property name="git.local.branch.behind" value="NO_REMOTE"/>
    <property name="git.dirty" value="true"/>
    <property name="localRepository" value="/home/roy/.m2/repository"/>
    <property name="java.vendor.url.bug" value="Unknown"/>
    <property name="java.io.tmpdir" value="/tmp"/>
    <property name="java.version" value="19.0.2"/>
    <property name="user.dir" value="/home/roy/Codes/Monographic/jpetstore-6/main"/>
    <property name="os.arch" value="amd64"/>
    <property name="git.commit.user.name" value="roychshao"/>
    <property name="git.commit.id.abbrev" value="35f28fd"/>
    <property name="java.vm.specification.name" value="Java Virtual Machine Specification"/>
    <property name="git.commit.id.describe-short" value="jpetstore-6.1.0-40-dirty"/>
    <property name="git.commit.id.describe" value="jpetstore-6.1.0-40-g35f28fd-dirty"/>
    <property name="native.encoding" value="UTF-8"/>
    <property name="java.library.path" value="/usr/java/packages/lib:/usr/lib/x86_64-linux-gnu/jni:/lib/x86_64-linux-gnu:/usr/lib/x86_64-linux-gnu:/usr/lib/jni:/lib:/usr/lib"/>
    <property name="git.commit.message.short" value="feat: WithSpan and SetAttribute in method done"/>
    <property name="java.vm.info" value="mixed mode, sharing"/>
    <property name="stderr.encoding" value="UTF-8"/>
    <property name="java.vendor" value="Private Build"/>
    <property name="java.vm.version" value="19.0.2+7-Ubuntu-0ubuntu322.04"/>
    <property name="sun.io.unicode.encoding" value="UnicodeLittle"/>
    <property name="java.class.version" value="63.0"/>
    <property name="git.commit.time" value="2023-05-25T17:10:13+0800"/>
    <property name="git.remote.origin.url" value="git@github.com:roychshao/jpetstore-mysql-docker.git"/>
  </properties>
  <testcase name="constructorOutputNotNull" classname="org.mybatis.jpetstore.web.actions.AccountActionBeanTest" time="0.002"/>
  <testcase name="getUsernameOutputNull" classname="org.mybatis.jpetstore.web.actions.AccountActionBeanTest" time="0.001"/>
  <testcase name="isAuthenticatedOutputFalse" classname="org.mybatis.jpetstore.web.actions.AccountActionBeanTest" time="0.001"/>
  <testcase name="getMyListOutputNull" classname="org.mybatis.jpetstore.web.actions.AccountActionBeanTest" time="0.008"/>
  <testcase name="getAccountOutputNotNull" classname="org.mybatis.jpetstore.web.actions.AccountActionBeanTest" time="0.007"/>
  <testcase name="getPasswordOutputNull" classname="org.mybatis.jpetstore.web.actions.AccountActionBeanTest" time="0.001"/>
</testsuite>